[debug] [2024-02-22T20:26:09.045Z] ----------------------------------------------------------------------
[debug] [2024-02-22T20:26:09.047Z] Command:       /usr/local/bin/node /usr/local/bin/firebase init
[debug] [2024-02-22T20:26:09.047Z] CLI Version:   13.3.0
[debug] [2024-02-22T20:26:09.048Z] Platform:      darwin
[debug] [2024-02-22T20:26:09.048Z] Node Version:  v20.11.1
[debug] [2024-02-22T20:26:09.048Z] Time:          Thu Feb 22 2024 14:26:09 GMT-0600 (Central Standard Time)
[debug] [2024-02-22T20:26:09.048Z] ----------------------------------------------------------------------
[debug] 
[debug] [2024-02-22T20:26:09.051Z] > command requires scopes: ["email","openid","https://www.googleapis.com/auth/cloudplatformprojects.readonly","https://www.googleapis.com/auth/firebase","https://www.googleapis.com/auth/cloud-platform"]
[debug] [2024-02-22T20:26:09.051Z] > authorizing via signed-in user (angelbecerra541@gmail.com)
[info] 
     ######## #### ########  ######## ########     ###     ######  ########
     ##        ##  ##     ## ##       ##     ##  ##   ##  ##       ##
     ######    ##  ########  ######   ########  #########  ######  ######
     ##        ##  ##    ##  ##       ##     ## ##     ##       ## ##
     ##       #### ##     ## ######## ########  ##     ##  ######  ########

You're about to initialize a Firebase project in this directory:

  /Users/angelbecerra/not_cloud/myapp

[info] 
=== Project Setup
[info] 
[info] First, let's associate this project directory with a Firebase project.
[info] You can create multiple project aliases by running firebase use --add, 
[info] but for now we'll just set up a default project.
[info] 
[debug] [2024-02-22T20:27:26.239Z] > refreshing access token with scopes: []
[debug] [2024-02-22T20:27:26.243Z] >>> [apiv2][query] POST https://www.googleapis.com/oauth2/v3/token [none]
[debug] [2024-02-22T20:27:26.244Z] >>> [apiv2][body] POST https://www.googleapis.com/oauth2/v3/token [omitted]
[debug] [2024-02-22T20:27:26.545Z] <<< [apiv2][status] POST https://www.googleapis.com/oauth2/v3/token 200
[debug] [2024-02-22T20:27:26.545Z] <<< [apiv2][body] POST https://www.googleapis.com/oauth2/v3/token [omitted]
[debug] [2024-02-22T20:27:26.555Z] >>> [apiv2][query] GET https://firebase.googleapis.com/v1beta1/projects pageSize=100
[debug] [2024-02-22T20:27:26.926Z] <<< [apiv2][status] GET https://firebase.googleapis.com/v1beta1/projects 200
[debug] [2024-02-22T20:27:26.927Z] <<< [apiv2][body] GET https://firebase.googleapis.com/v1beta1/projects [omitted]
[info] i  Using project fir-course2-12496 (firebase-course2) 
[info] 
=== Hosting Setup
[debug] [2024-02-22T20:27:56.194Z] >>> [apiv2][query] GET https://firebase.googleapis.com/v1beta1/projects/fir-course2-12496 [none]
[debug] [2024-02-22T20:27:57.583Z] <<< [apiv2][status] GET https://firebase.googleapis.com/v1beta1/projects/fir-course2-12496 200
[debug] [2024-02-22T20:27:57.584Z] <<< [apiv2][body] GET https://firebase.googleapis.com/v1beta1/projects/fir-course2-12496 {"projectId":"fir-course2-12496","projectNumber":"596343283833","displayName":"firebase-course2","name":"projects/fir-course2-12496","resources":{"hostingSite":"fir-course2-12496","storageBucket":"fir-course2-12496.appspot.com","locationId":"us-central"},"state":"ACTIVE","etag":"1_b73d3020-10e4-4eaa-a8bb-9bb2ffa0aaf3"}
[info] 
[info] Your public directory is the folder (relative to your project directory) that
[info] will contain Hosting assets to be uploaded with firebase deploy. If you
[info] have a build process for your assets, use your build's output directory.
[info] 
[info] ✔  Wrote public/404.html 
[debug] [2024-02-22T20:29:06.110Z] >>> [apiv2][query] GET https://www.gstatic.com/firebasejs/releases.json [none]
[debug] [2024-02-22T20:29:06.396Z] <<< [apiv2][status] GET https://www.gstatic.com/firebasejs/releases.json 200
[debug] [2024-02-22T20:29:06.396Z] <<< [apiv2][body] GET https://www.gstatic.com/firebasejs/releases.json {"current":{"version":"10.8.0","browserURL":"https://www.gstatic.com/firebasejs/10.8.0/firebase.js","packageURL":"https://www.gstatic.com/firebasejs/10.8.0/firebase.tgz"},"live":{"version":"10.8","browserURL":"https://www.gstatic.com/firebasejs/live/10.8/firebase.js","packageURL":"https://www.gstatic.com/firebasejs/live/10.8/firebase.tgz"},"components":{"analytics":"https://www.gstatic.com/firebasejs/10.8.0/firebase-analytics.js","app":"https://www.gstatic.com/firebasejs/10.8.0/firebase-app.js","app-check":"https://www.gstatic.com/firebasejs/10.8.0/firebase-app-check.js","auth":"https://www.gstatic.com/firebasejs/10.8.0/firebase-auth.js","auth/cordova":"https://www.gstatic.com/firebasejs/10.8.0/firebase-auth/cordova.js","auth/web-extension":"https://www.gstatic.com/firebasejs/10.8.0/firebase-auth/web-extension.js","functions":"https://www.gstatic.com/firebasejs/10.8.0/firebase-functions.js","firestore":"https://www.gstatic.com/firebasejs/10.8.0/firebase-firestore.js","firestore/lite":"https://www.gstatic.com/firebasejs/10.8.0/firebase-firestore/lite.js","installations":"https://www.gstatic.com/firebasejs/10.8.0/firebase-installations.js","storage":"https://www.gstatic.com/firebasejs/10.8.0/firebase-storage.js","performance":"https://www.gstatic.com/firebasejs/10.8.0/firebase-performance.js","remote-config":"https://www.gstatic.com/firebasejs/10.8.0/firebase-remote-config.js","messaging":"https://www.gstatic.com/firebasejs/10.8.0/firebase-messaging.js","messaging/sw":"https://www.gstatic.com/firebasejs/10.8.0/firebase-messaging/sw.js","database":"https://www.gstatic.com/firebasejs/10.8.0/firebase-database.js","firestore.memory":"https://www.gstatic.com/firebasejs/10.8.0/firebase-firestore.memory.js"}}
[info] ✔  Wrote public/index.html 
[info] 
[info] i  Didn't detect a .git folder. Assuming /Users/angelbecerra/not_cloud/myapp is the project root. 
[info] i  Authorizing with GitHub to upload your service account to a GitHub repository's secrets store. 
[info] 
[info] Visit this URL on this device to log in:
[info] https://github.com/login/oauth/authorize?client_id=89cf50f02ac6aaed3484&state=220242952&redirect_uri=http%3A%2F%2Flocalhost%3A9005&scope=read%3Auser%20repo%20public_repo
[info] 
[info] Waiting for authentication...
[debug] [2024-02-22T20:29:40.546Z] >>> [apiv2][query] POST https://github.com/login/oauth/access_token [none]
[debug] [2024-02-22T20:29:40.547Z] >>> [apiv2][body] POST https://github.com/login/oauth/access_token [stream]
[debug] [2024-02-22T20:29:40.760Z] <<< [apiv2][status] POST https://github.com/login/oauth/access_token 200
[debug] [2024-02-22T20:29:40.760Z] <<< [apiv2][body] POST https://github.com/login/oauth/access_token {"access_token":"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","token_type":"bearer","scope":"read:user,repo"}
[debug] [2024-02-22T20:29:40.782Z] >>> [apiv2][query] GET https://api.github.com/user [none]
[debug] [2024-02-22T20:29:41.120Z] <<< [apiv2][status] GET https://api.github.com/user 200
[debug] [2024-02-22T20:29:41.121Z] <<< [apiv2][body] GET https://api.github.com/user {"login":"lito1021","id":148258765,"node_id":"U_kgDOCNY_zQ","avatar_url":"https://avatars.githubusercontent.com/u/148258765?v=4","gravatar_id":"","url":"https://api.github.com/users/lito1021","html_url":"https://github.com/lito1021","followers_url":"https://api.github.com/users/lito1021/followers","following_url":"https://api.github.com/users/lito1021/following{/other_user}","gists_url":"https://api.github.com/users/lito1021/gists{/gist_id}","starred_url":"https://api.github.com/users/lito1021/starred{/owner}{/repo}","subscriptions_url":"https://api.github.com/users/lito1021/subscriptions","organizations_url":"https://api.github.com/users/lito1021/orgs","repos_url":"https://api.github.com/users/lito1021/repos","events_url":"https://api.github.com/users/lito1021/events{/privacy}","received_events_url":"https://api.github.com/users/lito1021/received_events","type":"User","site_admin":false,"name":null,"company":null,"blog":"","location":null,"email":null,"hireable":null,"bio":null,"twitter_username":null,"public_repos":8,"public_gists":0,"followers":0,"following":0,"created_at":"2023-10-17T16:12:16Z","updated_at":"2024-02-03T13:58:23Z","private_gists":0,"total_private_repos":0,"owned_private_repos":0,"disk_usage":29,"collaborators":0,"two_factor_authentication":true,"plan":{"name":"pro","space":976562499,"collaborators":0,"private_repos":9999}}
[info] 
[info] ✔  Success! Logged into GitHub as lito1021 
[info] 
